2025-09-01 10:19:30,651 - INFO - ğŸš€ Starting Automated Test Pipeline
2025-09-01 10:19:30,651 - INFO - ==================================================
2025-09-01 10:19:30,651 - INFO - ğŸ” Running Pre-flight Checks
2025-09-01 10:19:30,651 - INFO - âœ… Pre-flight checks passed
2025-09-01 10:19:30,651 - INFO - ğŸ“Š Running Code Quality Tests
2025-09-01 10:19:33,969 - INFO - âœ… Code quality tests passed
2025-09-01 10:19:33,969 - INFO - ğŸ§ª Running UI Functionality Tests
2025-09-01 10:19:33,970 - INFO - âœ… UI functionality tests completed: PASSED
2025-09-01 10:19:33,970 - INFO - ğŸ–¼ï¸ Running Image Validation Tests
2025-09-01 10:19:34,392 - INFO - âœ… Image validation completed: WARNING
2025-09-01 10:19:34,394 - INFO - âš¡ Running Performance Tests
2025-09-01 10:19:34,394 - INFO - âœ… Performance tests completed: PASSED
2025-09-01 10:19:34,394 - INFO - ğŸ”’ Running Security Tests
2025-09-01 10:19:34,395 - INFO - âœ… Security tests completed: PASSED
2025-09-01 10:19:34,395 - INFO - ğŸ“‹ Generating Final Report
2025-09-01 10:19:34,395 - INFO - ğŸ“Š Final Results: WARNING
2025-09-01 10:19:34,395 - INFO - âœ… Passed: 5, âš ï¸ Warnings: 1, âŒ Failed: 0
2025-09-01 10:19:34,395 - INFO - â±ï¸ Execution time: 3.74 seconds
2025-09-01 10:19:34,395 - INFO - ğŸš€ Determining Release Readiness
2025-09-01 10:19:34,395 - WARNING - âš ï¸ Code has warnings but may be ready for release
2025-09-01 10:19:34,397 - INFO - ğŸ’¾ Test results saved to: /Users/oskarkaufmann/Library/CloudStorage/OneDrive-PorscheeBikePerformanceGmbH/Dokumente/visual studio projects/workout_generator_en/automated_test_results.json
2025-09-01 10:19:34,397 - INFO - ğŸ‰ Pipeline completed successfully!
2025-09-01 10:35:43,538 - INFO - ğŸš€ Starting Automated Test Pipeline
2025-09-01 10:35:43,538 - INFO - ==================================================
2025-09-01 10:35:43,538 - INFO - ğŸ” Running Pre-flight Checks
2025-09-01 10:35:43,538 - INFO - âœ… Pre-flight checks passed
2025-09-01 10:35:43,538 - INFO - ğŸ“Š Running Comprehensive Code Quality Tests
2025-09-01 10:35:46,841 - INFO - ğŸ¤– Running Additional AI Model Checks
2025-09-01 10:35:46,842 - INFO - ğŸ” Running Static Code Analysis
2025-09-01 10:35:46,843 - INFO - âœ… Code quality tests passed
2025-09-01 10:35:46,843 - INFO - ğŸ§ª Running Comprehensive UI Functionality Tests
2025-09-01 10:35:46,856 - INFO - âœ… UI functionality tests completed: WARNING
2025-09-01 10:35:46,856 - INFO - ğŸ–¼ï¸ Running Image Validation Tests
2025-09-01 10:35:47,251 - INFO - âœ… Image validation completed: WARNING
2025-09-01 10:35:47,253 - INFO - âš¡ Running Performance Tests
2025-09-01 10:35:47,253 - INFO - âœ… Performance tests completed: PASSED
2025-09-01 10:35:47,253 - INFO - ğŸ”’ Running Security Tests
2025-09-01 10:35:47,253 - INFO - âœ… Security tests completed: PASSED
2025-09-01 10:35:47,253 - INFO - ğŸ“‹ Generating Final Report
2025-09-01 10:35:47,254 - INFO - ğŸ“Š Final Results: WARNING
2025-09-01 10:35:47,254 - INFO - âœ… Passed: 4, âš ï¸ Warnings: 4, âŒ Failed: 0
2025-09-01 10:35:47,254 - INFO - â±ï¸ Execution time: 3.72 seconds
2025-09-01 10:35:47,254 - INFO - ğŸš€ Determining Release Readiness
2025-09-01 10:35:47,254 - WARNING - âš ï¸ Code has warnings but may be ready for release
2025-09-01 10:35:47,263 - INFO - ğŸ’¾ Test results saved to: /Users/oskarkaufmann/Library/CloudStorage/OneDrive-PorscheeBikePerformanceGmbH/Dokumente/visual studio projects/workout_generator_en/automated_test_results.json
2025-09-01 10:35:47,263 - INFO - ğŸ‰ Pipeline completed successfully!
2025-09-01 10:47:26,030 - INFO - ğŸš€ Starting Automated Test Pipeline
2025-09-01 10:47:26,031 - INFO - ==================================================
2025-09-01 10:47:26,031 - INFO - ğŸ” Running Pre-flight Checks
2025-09-01 10:47:26,031 - INFO - âœ… Pre-flight checks passed
2025-09-01 10:47:26,031 - INFO - ğŸ“Š Running Comprehensive Code Quality Tests
2025-09-01 10:47:28,282 - INFO - ğŸ¤– Running Additional AI Model Checks
2025-09-01 10:47:28,284 - INFO - ğŸ” Running Static Code Analysis
2025-09-01 10:47:28,284 - INFO - âœ… Code quality tests passed
2025-09-01 10:47:28,284 - INFO - ğŸ§ª Running Comprehensive UI Functionality Tests
2025-09-01 10:47:28,286 - INFO - âœ… UI functionality tests completed: FAILED
2025-09-01 10:47:28,286 - INFO - ğŸ–¼ï¸ Running Image Validation Tests
2025-09-01 10:47:28,702 - INFO - âœ… Image validation completed: WARNING
2025-09-01 10:47:28,703 - INFO - âš¡ Running Performance Tests
2025-09-01 10:47:28,704 - INFO - âœ… Performance tests completed: PASSED
2025-09-01 10:47:28,704 - INFO - ğŸ”’ Running Security Tests
2025-09-01 10:47:28,704 - INFO - âœ… Security tests completed: PASSED
2025-09-01 10:47:28,704 - INFO - ğŸ“‹ Generating Final Report
2025-09-01 10:47:28,704 - INFO - ğŸ“Š Final Results: FAILED
2025-09-01 10:47:28,704 - INFO - âœ… Passed: 4, âš ï¸ Warnings: 3, âŒ Failed: 1
2025-09-01 10:47:28,704 - INFO - â±ï¸ Execution time: 2.67 seconds
2025-09-01 10:47:28,704 - INFO - ğŸš€ Determining Release Readiness
2025-09-01 10:47:28,705 - ERROR - âŒ Code is NOT READY FOR RELEASE
2025-09-01 10:47:28,711 - INFO - ğŸ’¾ Test results saved to: /Users/oskarkaufmann/Library/CloudStorage/OneDrive-PorscheeBikePerformanceGmbH/Dokumente/visual studio projects/workout_generator_en/automated_test_results.json
2025-09-01 10:47:28,711 - INFO - ğŸ‰ Pipeline completed successfully!
2025-09-01 10:48:05,465 - INFO - ğŸš€ Starting Automated Test Pipeline
2025-09-01 10:48:05,465 - INFO - ==================================================
2025-09-01 10:48:05,465 - INFO - ğŸ” Running Pre-flight Checks
2025-09-01 10:48:05,465 - INFO - âœ… Pre-flight checks passed
2025-09-01 10:48:05,465 - INFO - ğŸ“Š Running Comprehensive Code Quality Tests
2025-09-01 10:48:07,690 - INFO - ğŸ¤– Running Additional AI Model Checks
2025-09-01 10:48:07,692 - INFO - ğŸ” Running Static Code Analysis
2025-09-01 10:48:07,693 - INFO - âœ… Code quality tests passed
2025-09-01 10:48:07,693 - INFO - ğŸ§ª Running Comprehensive UI Functionality Tests
2025-09-01 10:48:07,697 - INFO - âœ… UI functionality tests completed: WARNING
2025-09-01 10:48:07,698 - INFO - ğŸ–¼ï¸ Running Image Validation Tests
2025-09-01 10:48:08,085 - INFO - âœ… Image validation completed: WARNING
2025-09-01 10:48:08,087 - INFO - âš¡ Running Performance Tests
2025-09-01 10:48:08,088 - INFO - âœ… Performance tests completed: PASSED
2025-09-01 10:48:08,088 - INFO - ğŸ”’ Running Security Tests
2025-09-01 10:48:08,088 - INFO - âœ… Security tests completed: PASSED
2025-09-01 10:48:08,089 - INFO - ğŸ“‹ Generating Final Report
2025-09-01 10:48:08,089 - INFO - ğŸ“Š Final Results: WARNING
2025-09-01 10:48:08,089 - INFO - âœ… Passed: 4, âš ï¸ Warnings: 4, âŒ Failed: 0
2025-09-01 10:48:08,089 - INFO - â±ï¸ Execution time: 2.62 seconds
2025-09-01 10:48:08,089 - INFO - ğŸš€ Determining Release Readiness
2025-09-01 10:48:08,089 - WARNING - âš ï¸ Code has warnings but may be ready for release
2025-09-01 10:48:08,091 - INFO - ğŸ’¾ Test results saved to: /Users/oskarkaufmann/Library/CloudStorage/OneDrive-PorscheeBikePerformanceGmbH/Dokumente/visual studio projects/workout_generator_en/automated_test_results.json
2025-09-01 10:48:08,091 - INFO - ğŸ‰ Pipeline completed successfully!
2025-09-01 11:47:47,483 - INFO - ğŸš€ Starting Automated Test Pipeline
2025-09-01 11:47:47,484 - INFO - ==================================================
2025-09-01 11:47:47,484 - INFO - ğŸ” Running Pre-flight Checks
2025-09-01 11:47:47,484 - INFO - âœ… Pre-flight checks passed
2025-09-01 11:47:47,484 - INFO - ğŸ“Š Running Comprehensive Code Quality Tests
2025-09-01 11:47:49,730 - INFO - ğŸ¤– Running Additional AI Model Checks
2025-09-01 11:47:49,732 - INFO - ğŸ” Running Static Code Analysis
2025-09-01 11:47:49,732 - INFO - âœ… Code quality tests passed
2025-09-01 11:47:49,732 - INFO - ğŸ§ª Running Comprehensive UI Functionality Tests
2025-09-01 11:47:49,746 - INFO - âœ… UI functionality tests completed: WARNING
2025-09-01 11:47:49,746 - INFO - ğŸ–¼ï¸ Running Image Validation Tests
2025-09-01 11:47:50,142 - INFO - âœ… Image validation completed: WARNING
2025-09-01 11:47:50,144 - INFO - âš¡ Running Performance Tests
2025-09-01 11:47:50,144 - INFO - âœ… Performance tests completed: PASSED
2025-09-01 11:47:50,144 - INFO - ğŸ”’ Running Security Tests
2025-09-01 11:47:50,145 - INFO - âœ… Security tests completed: PASSED
2025-09-01 11:47:50,145 - INFO - ğŸ“‹ Generating Final Report
2025-09-01 11:47:50,145 - INFO - ğŸ“Š Final Results: WARNING
2025-09-01 11:47:50,145 - INFO - âœ… Passed: 4, âš ï¸ Warnings: 4, âŒ Failed: 0
2025-09-01 11:47:50,145 - INFO - â±ï¸ Execution time: 2.66 seconds
2025-09-01 11:47:50,145 - INFO - ğŸš€ Determining Release Readiness
2025-09-01 11:47:50,145 - WARNING - âš ï¸ Code has warnings but may be ready for release
2025-09-01 11:47:50,152 - INFO - ğŸ’¾ Test results saved to: /Users/oskarkaufmann/Library/CloudStorage/OneDrive-PorscheeBikePerformanceGmbH/Dokumente/visual studio projects/workout_generator_en/automated_test_results.json
2025-09-01 11:47:50,152 - INFO - ğŸ‰ Pipeline completed successfully!
2025-09-01 11:48:14,142 - INFO - ğŸš€ Starting Automated Test Pipeline
2025-09-01 11:48:14,142 - INFO - ==================================================
2025-09-01 11:48:14,142 - INFO - ğŸ” Running Pre-flight Checks
2025-09-01 11:48:14,142 - INFO - âœ… Pre-flight checks passed
2025-09-01 11:48:14,142 - INFO - ğŸ“Š Running Comprehensive Code Quality Tests
2025-09-01 11:48:16,370 - INFO - ğŸ¤– Running Additional AI Model Checks
2025-09-01 11:48:16,373 - INFO - ğŸ” Running Static Code Analysis
2025-09-01 11:48:16,373 - INFO - âœ… Code quality tests passed
2025-09-01 11:48:16,374 - INFO - ğŸ§ª Running Comprehensive UI Functionality Tests
2025-09-01 11:48:16,378 - INFO - âœ… UI functionality tests completed: WARNING
2025-09-01 11:48:16,378 - INFO - ğŸ–¼ï¸ Running Image Validation Tests
2025-09-01 11:48:16,754 - INFO - âœ… Image validation completed: WARNING
2025-09-01 11:48:16,756 - INFO - âš¡ Running Performance Tests
2025-09-01 11:48:16,757 - INFO - âœ… Performance tests completed: PASSED
2025-09-01 11:48:16,757 - INFO - ğŸ”’ Running Security Tests
2025-09-01 11:48:16,757 - INFO - âœ… Security tests completed: PASSED
2025-09-01 11:48:16,757 - INFO - ğŸ“‹ Generating Final Report
2025-09-01 11:48:16,757 - INFO - ğŸ“Š Final Results: WARNING
2025-09-01 11:48:16,757 - INFO - âœ… Passed: 4, âš ï¸ Warnings: 4, âŒ Failed: 0
2025-09-01 11:48:16,758 - INFO - â±ï¸ Execution time: 2.62 seconds
2025-09-01 11:48:16,758 - INFO - ğŸš€ Determining Release Readiness
2025-09-01 11:48:16,758 - WARNING - âš ï¸ Code has warnings but may be ready for release
2025-09-01 11:48:16,759 - INFO - ğŸ’¾ Test results saved to: /Users/oskarkaufmann/Library/CloudStorage/OneDrive-PorscheeBikePerformanceGmbH/Dokumente/visual studio projects/workout_generator_en/automated_test_results.json
2025-09-01 11:48:16,760 - INFO - ğŸ‰ Pipeline completed successfully!
2025-09-01 12:06:47,418 - INFO - ğŸš€ Starting Automated Test Pipeline
2025-09-01 12:06:47,420 - INFO - ==================================================
2025-09-01 12:06:47,421 - INFO - ğŸ” Running Pre-flight Checks
2025-09-01 12:06:47,421 - INFO - âœ… Pre-flight checks passed
2025-09-01 12:06:47,421 - INFO - ğŸ“Š Running Comprehensive Code Quality Tests
2025-09-01 12:06:49,727 - INFO - ğŸ¤– Running Additional AI Model Checks
2025-09-01 12:06:49,729 - INFO - ğŸ” Running Static Code Analysis
2025-09-01 12:06:49,729 - INFO - âœ… Code quality tests passed
2025-09-01 12:06:49,730 - INFO - ğŸ§ª Running Comprehensive UI Functionality Tests
2025-09-01 12:06:49,734 - INFO - âœ… UI functionality tests completed: WARNING
2025-09-01 12:06:49,734 - INFO - ğŸ–¼ï¸ Running Image Validation Tests
2025-09-01 12:06:50,150 - INFO - âœ… Image validation completed: WARNING
2025-09-01 12:06:50,152 - INFO - âš¡ Running Performance Tests
2025-09-01 12:06:50,152 - INFO - âœ… Performance tests completed: PASSED
2025-09-01 12:06:50,152 - INFO - ğŸ”’ Running Security Tests
2025-09-01 12:06:50,153 - INFO - âœ… Security tests completed: PASSED
2025-09-01 12:06:50,153 - INFO - ğŸ“‹ Generating Final Report
2025-09-01 12:06:50,153 - INFO - ğŸ“Š Final Results: WARNING
2025-09-01 12:06:50,153 - INFO - âœ… Passed: 4, âš ï¸ Warnings: 4, âŒ Failed: 0
2025-09-01 12:06:50,153 - INFO - â±ï¸ Execution time: 2.74 seconds
2025-09-01 12:06:50,153 - INFO - ğŸš€ Determining Release Readiness
2025-09-01 12:06:50,153 - WARNING - âš ï¸ Code has warnings but may be ready for release
2025-09-01 12:06:50,156 - INFO - ğŸ’¾ Test results saved to: /Users/oskarkaufmann/Library/CloudStorage/OneDrive-PorscheeBikePerformanceGmbH/Dokumente/visual studio projects/workout_generator_en/automated_test_results.json
2025-09-01 12:06:50,157 - INFO - ğŸ‰ Pipeline completed successfully!
2025-09-01 16:56:39,015 - INFO - ğŸš€ Starting Automated Test Pipeline
2025-09-01 16:56:39,017 - INFO - ==================================================
2025-09-01 16:56:39,017 - INFO - ğŸ” Running Pre-flight Checks
2025-09-01 16:56:39,017 - INFO - âœ… Pre-flight checks passed
2025-09-01 16:56:39,017 - INFO - ğŸ“Š Running Comprehensive Code Quality Tests
2025-09-01 16:56:41,255 - INFO - ğŸ¤– Running Additional AI Model Checks
2025-09-01 16:56:41,257 - INFO - ğŸ” Running Static Code Analysis
2025-09-01 16:56:41,257 - INFO - âœ… Code quality tests passed
2025-09-01 16:56:41,257 - INFO - ğŸ§ª Running Comprehensive UI Functionality Tests
2025-09-01 16:56:41,262 - INFO - âœ… UI functionality tests completed: FAILED
2025-09-01 16:56:41,262 - INFO - ğŸ–¼ï¸ Running Image Validation Tests
2025-09-01 16:56:41,749 - INFO - âœ… Image validation completed: WARNING
2025-09-01 16:56:41,751 - INFO - âš¡ Running Performance Tests
2025-09-01 16:56:41,752 - INFO - âœ… Performance tests completed: PASSED
2025-09-01 16:56:41,752 - INFO - ğŸ”’ Running Security Tests
2025-09-01 16:56:41,752 - INFO - âœ… Security tests completed: PASSED
2025-09-01 16:56:41,752 - INFO - ğŸ“‹ Generating Final Report
2025-09-01 16:56:41,753 - INFO - ğŸ“Š Final Results: FAILED
2025-09-01 16:56:41,753 - INFO - âœ… Passed: 4, âš ï¸ Warnings: 3, âŒ Failed: 1
2025-09-01 16:56:41,753 - INFO - â±ï¸ Execution time: 2.74 seconds
2025-09-01 16:56:41,753 - INFO - ğŸš€ Determining Release Readiness
2025-09-01 16:56:41,753 - ERROR - âŒ Code is NOT READY FOR RELEASE
2025-09-01 16:56:41,756 - INFO - ğŸ’¾ Test results saved to: /Users/oskarkaufmann/Library/CloudStorage/OneDrive-PorscheeBikePerformanceGmbH/Dokumente/visual studio projects/workout_generator_en/automated_test_results.json
2025-09-01 16:56:41,756 - INFO - ğŸ‰ Pipeline completed successfully!
2025-09-01 17:02:58,299 - INFO - ğŸš€ Starting Automated Test Pipeline
2025-09-01 17:02:58,300 - INFO - ==================================================
2025-09-01 17:02:58,300 - INFO - ğŸ” Running Pre-flight Checks
2025-09-01 17:02:58,301 - INFO - âœ… Pre-flight checks passed
2025-09-01 17:02:58,301 - INFO - ğŸ“Š Running Comprehensive Code Quality Tests
2025-09-01 17:03:00,533 - INFO - ğŸ¤– Running Additional AI Model Checks
2025-09-01 17:03:00,535 - INFO - ğŸ” Running Static Code Analysis
2025-09-01 17:03:00,536 - INFO - âœ… Code quality tests passed
2025-09-01 17:03:00,536 - INFO - ğŸ§ª Running Comprehensive UI Functionality Tests
2025-09-01 17:03:00,540 - INFO - âœ… UI functionality tests completed: FAILED
2025-09-01 17:03:00,540 - INFO - ğŸ–¼ï¸ Running Image Validation Tests
2025-09-01 17:03:01,029 - INFO - âœ… Image validation completed: WARNING
2025-09-01 17:03:01,031 - INFO - âš¡ Running Performance Tests
2025-09-01 17:03:01,031 - INFO - âœ… Performance tests completed: PASSED
2025-09-01 17:03:01,031 - INFO - ğŸ”’ Running Security Tests
2025-09-01 17:03:01,032 - INFO - âœ… Security tests completed: PASSED
2025-09-01 17:03:01,032 - INFO - ğŸ“‹ Generating Final Report
2025-09-01 17:03:01,032 - INFO - ğŸ“Š Final Results: FAILED
2025-09-01 17:03:01,033 - INFO - âœ… Passed: 4, âš ï¸ Warnings: 3, âŒ Failed: 1
2025-09-01 17:03:01,033 - INFO - â±ï¸ Execution time: 2.73 seconds
2025-09-01 17:03:01,033 - INFO - ğŸš€ Determining Release Readiness
2025-09-01 17:03:01,033 - ERROR - âŒ Code is NOT READY FOR RELEASE
2025-09-01 17:03:01,036 - INFO - ğŸ’¾ Test results saved to: /Users/oskarkaufmann/Library/CloudStorage/OneDrive-PorscheeBikePerformanceGmbH/Dokumente/visual studio projects/workout_generator_en/automated_test_results.json
2025-09-01 17:03:01,036 - INFO - ğŸ‰ Pipeline completed successfully!
2025-09-01 17:04:27,879 - INFO - ğŸš€ Starting Automated Test Pipeline
2025-09-01 17:04:27,879 - INFO - ==================================================
2025-09-01 17:04:27,879 - INFO - ğŸ” Running Pre-flight Checks
2025-09-01 17:04:27,879 - INFO - âœ… Pre-flight checks passed
2025-09-01 17:04:27,879 - INFO - ğŸ“Š Running Comprehensive Code Quality Tests
2025-09-01 17:04:30,104 - INFO - ğŸ¤– Running Additional AI Model Checks
2025-09-01 17:04:30,105 - INFO - ğŸ” Running Static Code Analysis
2025-09-01 17:04:30,106 - INFO - âœ… Code quality tests passed
2025-09-01 17:04:30,106 - INFO - ğŸ§ª Running Comprehensive UI Functionality Tests
2025-09-01 17:04:30,109 - INFO - âœ… UI functionality tests completed: FAILED
2025-09-01 17:04:30,109 - INFO - ğŸ–¼ï¸ Running Image Validation Tests
2025-09-01 17:04:30,799 - INFO - âœ… Image validation completed: WARNING
2025-09-01 17:04:30,802 - INFO - âš¡ Running Performance Tests
2025-09-01 17:04:30,802 - INFO - âœ… Performance tests completed: PASSED
2025-09-01 17:04:30,802 - INFO - ğŸ”’ Running Security Tests
2025-09-01 17:04:30,803 - INFO - âœ… Security tests completed: PASSED
2025-09-01 17:04:30,803 - INFO - ğŸ“‹ Generating Final Report
2025-09-01 17:04:30,803 - INFO - ğŸ“Š Final Results: FAILED
2025-09-01 17:04:30,804 - INFO - âœ… Passed: 4, âš ï¸ Warnings: 3, âŒ Failed: 1
2025-09-01 17:04:30,804 - INFO - â±ï¸ Execution time: 2.92 seconds
2025-09-01 17:04:30,804 - INFO - ğŸš€ Determining Release Readiness
2025-09-01 17:04:30,804 - ERROR - âŒ Code is NOT READY FOR RELEASE
2025-09-01 17:04:30,806 - INFO - ğŸ’¾ Test results saved to: /Users/oskarkaufmann/Library/CloudStorage/OneDrive-PorscheeBikePerformanceGmbH/Dokumente/visual studio projects/workout_generator_en/automated_test_results.json
2025-09-01 17:04:30,806 - INFO - ğŸ‰ Pipeline completed successfully!
2025-09-01 17:11:15,216 - INFO - ğŸš€ Starting Automated Test Pipeline
2025-09-01 17:11:15,216 - INFO - ==================================================
2025-09-01 17:11:15,216 - INFO - ğŸ” Running Pre-flight Checks
2025-09-01 17:11:15,216 - INFO - âœ… Pre-flight checks passed
2025-09-01 17:11:15,217 - INFO - ğŸ“Š Running Comprehensive Code Quality Tests
2025-09-01 17:11:17,460 - INFO - ğŸ¤– Running Additional AI Model Checks
2025-09-01 17:11:17,463 - INFO - ğŸ” Running Static Code Analysis
2025-09-01 17:11:17,463 - INFO - âœ… Code quality tests passed
2025-09-01 17:11:17,464 - INFO - ğŸ§ª Running Comprehensive UI Functionality Tests
2025-09-01 17:11:17,468 - INFO - âœ… UI functionality tests completed: WARNING
2025-09-01 17:11:17,469 - INFO - ğŸ–¼ï¸ Running Image Validation Tests
2025-09-01 17:11:17,902 - INFO - âœ… Image validation completed: WARNING
2025-09-01 17:11:17,904 - INFO - âš¡ Running Performance Tests
2025-09-01 17:11:17,905 - INFO - âœ… Performance tests completed: PASSED
2025-09-01 17:11:17,905 - INFO - ğŸ”’ Running Security Tests
2025-09-01 17:11:17,906 - INFO - âœ… Security tests completed: PASSED
2025-09-01 17:11:17,906 - INFO - ğŸ“‹ Generating Final Report
2025-09-01 17:11:17,906 - INFO - ğŸ“Š Final Results: WARNING
2025-09-01 17:11:17,906 - INFO - âœ… Passed: 4, âš ï¸ Warnings: 4, âŒ Failed: 0
2025-09-01 17:11:17,906 - INFO - â±ï¸ Execution time: 2.69 seconds
2025-09-01 17:11:17,906 - INFO - ğŸš€ Determining Release Readiness
2025-09-01 17:11:17,907 - WARNING - âš ï¸ Code has warnings but may be ready for release
2025-09-01 17:11:17,917 - INFO - ğŸ’¾ Test results saved to: /Users/oskarkaufmann/Library/CloudStorage/OneDrive-PorscheeBikePerformanceGmbH/Dokumente/visual studio projects/workout_generator_en/automated_test_results.json
2025-09-01 17:11:17,917 - INFO - ğŸ‰ Pipeline completed successfully!
2025-09-01 18:12:19,923 - INFO - ğŸš€ Starting Automated Test Pipeline
2025-09-01 18:12:19,925 - INFO - ==================================================
2025-09-01 18:12:19,925 - INFO - ğŸ” Running Pre-flight Checks
2025-09-01 18:12:19,925 - ERROR - âŒ Pipeline failed: Missing required files: ['exercise_images_database.js']
2025-09-01 18:12:19,929 - INFO - ğŸ’¾ Test results saved to: /Users/oskarkaufmann/Library/CloudStorage/OneDrive-PorscheeBikePerformanceGmbH/Dokumente/visual studio projects/workout_generator_en/automated_test_results.json
2025-09-01 18:12:19,931 - INFO - ğŸ’¾ Test results saved to: /Users/oskarkaufmann/Library/CloudStorage/OneDrive-PorscheeBikePerformanceGmbH/Dokumente/visual studio projects/workout_generator_en/automated_test_results.json
2025-09-01 18:12:19,931 - ERROR - âŒ Pipeline failed!
2025-09-01 18:14:13,986 - INFO - ğŸš€ Starting Automated Test Pipeline
2025-09-01 18:14:13,986 - INFO - ==================================================
2025-09-01 18:14:13,986 - INFO - ğŸ” Running Pre-flight Checks
2025-09-01 18:14:13,987 - INFO - âœ… Pre-flight checks passed
2025-09-01 18:14:13,987 - INFO - ğŸ“Š Running Comprehensive Code Quality Tests
2025-09-01 18:14:16,224 - INFO - ğŸ¤– Running Additional AI Model Checks
2025-09-01 18:14:16,226 - INFO - ğŸ” Running Static Code Analysis
2025-09-01 18:14:16,227 - INFO - âœ… Code quality tests passed
2025-09-01 18:14:16,227 - INFO - ğŸ§ª Running Comprehensive UI Functionality Tests
2025-09-01 18:14:16,230 - INFO - âœ… UI functionality tests completed: FAILED
2025-09-01 18:14:16,230 - INFO - âš¡ Running Performance Tests
2025-09-01 18:14:16,231 - INFO - âœ… Performance tests completed: PASSED
2025-09-01 18:14:16,231 - INFO - ğŸ”’ Running Security Tests
2025-09-01 18:14:16,232 - INFO - âœ… Security tests completed: PASSED
2025-09-01 18:14:16,232 - INFO - ğŸ“‹ Generating Final Report
2025-09-01 18:14:16,232 - INFO - ğŸ“Š Final Results: FAILED
2025-09-01 18:14:16,232 - INFO - âœ… Passed: 4, âš ï¸ Warnings: 2, âŒ Failed: 1
2025-09-01 18:14:16,232 - INFO - â±ï¸ Execution time: 2.25 seconds
2025-09-01 18:14:16,233 - INFO - ğŸš€ Determining Release Readiness
2025-09-01 18:14:16,233 - ERROR - âŒ Code is NOT READY FOR RELEASE
2025-09-01 18:14:16,235 - INFO - ğŸ’¾ Test results saved to: /Users/oskarkaufmann/Library/CloudStorage/OneDrive-PorscheeBikePerformanceGmbH/Dokumente/visual studio projects/workout_generator_en/automated_test_results.json
2025-09-01 18:14:16,235 - INFO - ğŸ‰ Pipeline completed successfully!
2025-09-01 18:14:58,013 - INFO - ğŸš€ Starting Automated Test Pipeline
2025-09-01 18:14:58,014 - INFO - ==================================================
2025-09-01 18:14:58,014 - INFO - ğŸ” Running Pre-flight Checks
2025-09-01 18:14:58,014 - INFO - âœ… Pre-flight checks passed
2025-09-01 18:14:58,014 - INFO - ğŸ“Š Running Comprehensive Code Quality Tests
2025-09-01 18:15:00,246 - INFO - ğŸ¤– Running Additional AI Model Checks
2025-09-01 18:15:00,249 - INFO - ğŸ” Running Static Code Analysis
2025-09-01 18:15:00,249 - INFO - âœ… Code quality tests passed
2025-09-01 18:15:00,249 - INFO - ğŸ§ª Running Comprehensive UI Functionality Tests
2025-09-01 18:15:00,253 - INFO - âœ… UI functionality tests completed: WARNING
2025-09-01 18:15:00,253 - INFO - âš¡ Running Performance Tests
2025-09-01 18:15:00,253 - INFO - âœ… Performance tests completed: PASSED
2025-09-01 18:15:00,253 - INFO - ğŸ”’ Running Security Tests
2025-09-01 18:15:00,254 - INFO - âœ… Security tests completed: PASSED
2025-09-01 18:15:00,254 - INFO - ğŸ“‹ Generating Final Report
2025-09-01 18:15:00,254 - INFO - ğŸ“Š Final Results: WARNING
2025-09-01 18:15:00,254 - INFO - âœ… Passed: 4, âš ï¸ Warnings: 3, âŒ Failed: 0
2025-09-01 18:15:00,254 - INFO - â±ï¸ Execution time: 2.24 seconds
2025-09-01 18:15:00,254 - INFO - ğŸš€ Determining Release Readiness
2025-09-01 18:15:00,254 - WARNING - âš ï¸ Code has warnings but may be ready for release
2025-09-01 18:15:00,256 - INFO - ğŸ’¾ Test results saved to: /Users/oskarkaufmann/Library/CloudStorage/OneDrive-PorscheeBikePerformanceGmbH/Dokumente/visual studio projects/workout_generator_en/automated_test_results.json
2025-09-01 18:15:00,256 - INFO - ğŸ‰ Pipeline completed successfully!
2025-09-01 18:16:32,723 - INFO - ğŸš€ Starting Automated Test Pipeline
2025-09-01 18:16:32,723 - INFO - ==================================================
2025-09-01 18:16:32,723 - INFO - ğŸ” Running Pre-flight Checks
2025-09-01 18:16:32,723 - INFO - âœ… Pre-flight checks passed
2025-09-01 18:16:32,723 - INFO - ğŸ“Š Running Comprehensive Code Quality Tests
2025-09-01 18:16:34,959 - INFO - ğŸ¤– Running Additional AI Model Checks
2025-09-01 18:16:34,961 - INFO - ğŸ” Running Static Code Analysis
2025-09-01 18:16:34,962 - INFO - âœ… Code quality tests passed
2025-09-01 18:16:34,962 - INFO - ğŸ§ª Running Comprehensive UI Functionality Tests
2025-09-01 18:16:34,965 - INFO - âœ… UI functionality tests completed: WARNING
2025-09-01 18:16:34,966 - INFO - âš¡ Running Performance Tests
2025-09-01 18:16:34,966 - INFO - âœ… Performance tests completed: PASSED
2025-09-01 18:16:34,966 - INFO - ğŸ”’ Running Security Tests
2025-09-01 18:16:34,967 - INFO - âœ… Security tests completed: PASSED
2025-09-01 18:16:34,967 - INFO - ğŸ“‹ Generating Final Report
2025-09-01 18:16:34,967 - INFO - ğŸ“Š Final Results: WARNING
2025-09-01 18:16:34,967 - INFO - âœ… Passed: 4, âš ï¸ Warnings: 3, âŒ Failed: 0
2025-09-01 18:16:34,967 - INFO - â±ï¸ Execution time: 2.24 seconds
2025-09-01 18:16:34,967 - INFO - ğŸš€ Determining Release Readiness
2025-09-01 18:16:34,967 - WARNING - âš ï¸ Code has warnings but may be ready for release
2025-09-01 18:16:34,969 - INFO - ğŸ’¾ Test results saved to: /Users/oskarkaufmann/Library/CloudStorage/OneDrive-PorscheeBikePerformanceGmbH/Dokumente/visual studio projects/workout_generator_en/automated_test_results.json
2025-09-01 18:16:34,969 - INFO - ğŸ‰ Pipeline completed successfully!
2025-09-01 18:41:54,801 - INFO - ğŸš€ Starting Automated Test Pipeline
2025-09-01 18:41:54,802 - INFO - ==================================================
2025-09-01 18:41:54,802 - INFO - ğŸ” Running Pre-flight Checks
2025-09-01 18:41:54,802 - INFO - âœ… Pre-flight checks passed
2025-09-01 18:41:54,802 - INFO - ğŸ“Š Running Comprehensive Code Quality Tests
2025-09-01 18:41:57,079 - INFO - ğŸ¤– Running Additional AI Model Checks
2025-09-01 18:41:57,081 - INFO - ğŸ” Running Static Code Analysis
2025-09-01 18:41:57,082 - INFO - âœ… Code quality tests passed
2025-09-01 18:41:57,082 - INFO - ğŸ§ª Running Comprehensive UI Functionality Tests
2025-09-01 18:41:57,085 - INFO - âœ… UI functionality tests completed: WARNING
2025-09-01 18:41:57,085 - INFO - âš¡ Running Performance Tests
2025-09-01 18:41:57,085 - INFO - âœ… Performance tests completed: PASSED
2025-09-01 18:41:57,085 - INFO - ğŸ”’ Running Security Tests
2025-09-01 18:41:57,086 - INFO - âœ… Security tests completed: PASSED
2025-09-01 18:41:57,086 - INFO - ğŸ“‹ Generating Final Report
2025-09-01 18:41:57,086 - INFO - ğŸ“Š Final Results: WARNING
2025-09-01 18:41:57,086 - INFO - âœ… Passed: 4, âš ï¸ Warnings: 3, âŒ Failed: 0
2025-09-01 18:41:57,086 - INFO - â±ï¸ Execution time: 2.29 seconds
2025-09-01 18:41:57,086 - INFO - ğŸš€ Determining Release Readiness
2025-09-01 18:41:57,086 - WARNING - âš ï¸ Code has warnings but may be ready for release
2025-09-01 18:41:57,093 - INFO - ğŸ’¾ Test results saved to: /Users/oskarkaufmann/Library/CloudStorage/OneDrive-PorscheeBikePerformanceGmbH/Dokumente/visual studio projects/workout_generator_en/automated_test_results.json
2025-09-01 18:41:57,094 - INFO - ğŸ‰ Pipeline completed successfully!
2025-09-01 18:45:29,032 - INFO - ğŸš€ Starting Automated Test Pipeline
2025-09-01 18:45:29,032 - INFO - ==================================================
2025-09-01 18:45:29,032 - INFO - ğŸ” Running Pre-flight Checks
2025-09-01 18:45:29,032 - INFO - âœ… Pre-flight checks passed
2025-09-01 18:45:29,032 - INFO - ğŸ“Š Running Comprehensive Code Quality Tests
2025-09-01 18:45:31,273 - INFO - ğŸ¤– Running Additional AI Model Checks
2025-09-01 18:45:31,274 - INFO - ğŸ” Running Static Code Analysis
2025-09-01 18:45:31,275 - INFO - âœ… Code quality tests passed
2025-09-01 18:45:31,275 - INFO - ğŸ§ª Running Comprehensive UI Functionality Tests
2025-09-01 18:45:31,279 - INFO - âœ… UI functionality tests completed: WARNING
2025-09-01 18:45:31,279 - INFO - âš¡ Running Performance Tests
2025-09-01 18:45:31,279 - INFO - âœ… Performance tests completed: PASSED
2025-09-01 18:45:31,279 - INFO - ğŸ”’ Running Security Tests
2025-09-01 18:45:31,280 - INFO - âœ… Security tests completed: PASSED
2025-09-01 18:45:31,280 - INFO - ğŸ“‹ Generating Final Report
2025-09-01 18:45:31,280 - INFO - ğŸ“Š Final Results: WARNING
2025-09-01 18:45:31,280 - INFO - âœ… Passed: 4, âš ï¸ Warnings: 3, âŒ Failed: 0
2025-09-01 18:45:31,280 - INFO - â±ï¸ Execution time: 2.25 seconds
2025-09-01 18:45:31,280 - INFO - ğŸš€ Determining Release Readiness
2025-09-01 18:45:31,280 - WARNING - âš ï¸ Code has warnings but may be ready for release
2025-09-01 18:45:31,282 - INFO - ğŸ’¾ Test results saved to: /Users/oskarkaufmann/Library/CloudStorage/OneDrive-PorscheeBikePerformanceGmbH/Dokumente/visual studio projects/workout_generator_en/automated_test_results.json
2025-09-01 18:45:31,282 - INFO - ğŸ‰ Pipeline completed successfully!
2025-09-01 18:57:49,745 - INFO - ğŸš€ Starting Automated Test Pipeline
2025-09-01 18:57:49,746 - INFO - ==================================================
2025-09-01 18:57:49,746 - INFO - ğŸ” Running Pre-flight Checks
2025-09-01 18:57:49,746 - INFO - âœ… Pre-flight checks passed
2025-09-01 18:57:49,746 - INFO - ğŸ“Š Running Comprehensive Code Quality Tests
2025-09-01 18:57:51,963 - INFO - ğŸ¤– Running Additional AI Model Checks
2025-09-01 18:57:51,965 - INFO - ğŸ” Running Static Code Analysis
2025-09-01 18:57:51,966 - INFO - âœ… Code quality tests passed
2025-09-01 18:57:51,966 - INFO - ğŸ§ª Running Comprehensive UI Functionality Tests
2025-09-01 18:57:51,969 - INFO - âœ… UI functionality tests completed: WARNING
2025-09-01 18:57:51,969 - INFO - âš¡ Running Performance Tests
2025-09-01 18:57:51,969 - INFO - âœ… Performance tests completed: PASSED
2025-09-01 18:57:51,969 - INFO - ğŸ”’ Running Security Tests
2025-09-01 18:57:51,970 - INFO - âœ… Security tests completed: PASSED
2025-09-01 18:57:51,970 - INFO - ğŸ“‹ Generating Final Report
2025-09-01 18:57:51,970 - INFO - ğŸ“Š Final Results: WARNING
2025-09-01 18:57:51,970 - INFO - âœ… Passed: 4, âš ï¸ Warnings: 3, âŒ Failed: 0
2025-09-01 18:57:51,970 - INFO - â±ï¸ Execution time: 2.22 seconds
2025-09-01 18:57:51,970 - INFO - ğŸš€ Determining Release Readiness
2025-09-01 18:57:51,970 - WARNING - âš ï¸ Code has warnings but may be ready for release
2025-09-01 18:57:51,972 - INFO - ğŸ’¾ Test results saved to: /Users/oskarkaufmann/Library/CloudStorage/OneDrive-PorscheeBikePerformanceGmbH/Dokumente/visual studio projects/workout_generator_en/automated_test_results.json
2025-09-01 18:57:51,972 - INFO - ğŸ‰ Pipeline completed successfully!
2025-09-01 19:05:00,068 - INFO - ğŸš€ Starting Automated Test Pipeline
2025-09-01 19:05:00,068 - INFO - ==================================================
2025-09-01 19:05:00,068 - INFO - ğŸ” Running Pre-flight Checks
2025-09-01 19:05:00,068 - INFO - âœ… Pre-flight checks passed
2025-09-01 19:05:00,068 - INFO - ğŸ“Š Running Comprehensive Code Quality Tests
2025-09-01 19:05:02,307 - INFO - ğŸ¤– Running Additional AI Model Checks
2025-09-01 19:05:02,310 - INFO - ğŸ” Running Static Code Analysis
2025-09-01 19:05:02,311 - INFO - âœ… Code quality tests passed
2025-09-01 19:05:02,311 - INFO - ğŸ§ª Running Comprehensive UI Functionality Tests
2025-09-01 19:05:02,315 - INFO - âœ… UI functionality tests completed: WARNING
2025-09-01 19:05:02,315 - INFO - âš¡ Running Performance Tests
2025-09-01 19:05:02,315 - INFO - âœ… Performance tests completed: PASSED
2025-09-01 19:05:02,315 - INFO - ğŸ”’ Running Security Tests
2025-09-01 19:05:02,316 - INFO - âœ… Security tests completed: PASSED
2025-09-01 19:05:02,316 - INFO - ğŸ“‹ Generating Final Report
2025-09-01 19:05:02,316 - INFO - ğŸ“Š Final Results: WARNING
2025-09-01 19:05:02,316 - INFO - âœ… Passed: 4, âš ï¸ Warnings: 3, âŒ Failed: 0
2025-09-01 19:05:02,316 - INFO - â±ï¸ Execution time: 2.25 seconds
2025-09-01 19:05:02,316 - INFO - ğŸš€ Determining Release Readiness
2025-09-01 19:05:02,317 - WARNING - âš ï¸ Code has warnings but may be ready for release
2025-09-01 19:05:02,325 - INFO - ğŸ’¾ Test results saved to: /Users/oskarkaufmann/Library/CloudStorage/OneDrive-PorscheeBikePerformanceGmbH/Dokumente/visual studio projects/workout_generator_en/automated_test_results.json
2025-09-01 19:05:02,326 - INFO - ğŸ‰ Pipeline completed successfully!
2025-09-01 19:05:30,172 - INFO - ğŸš€ Starting Automated Test Pipeline
2025-09-01 19:05:30,172 - INFO - ==================================================
2025-09-01 19:05:30,172 - INFO - ğŸ” Running Pre-flight Checks
2025-09-01 19:05:30,172 - INFO - âœ… Pre-flight checks passed
2025-09-01 19:05:30,172 - INFO - ğŸ“Š Running Comprehensive Code Quality Tests
2025-09-01 19:05:32,404 - INFO - ğŸ¤– Running Additional AI Model Checks
2025-09-01 19:05:32,407 - INFO - ğŸ” Running Static Code Analysis
2025-09-01 19:05:32,408 - INFO - âœ… Code quality tests passed
2025-09-01 19:05:32,408 - INFO - ğŸ§ª Running Comprehensive UI Functionality Tests
2025-09-01 19:05:32,414 - INFO - âœ… UI functionality tests completed: WARNING
2025-09-01 19:05:32,414 - INFO - âš¡ Running Performance Tests
2025-09-01 19:05:32,414 - INFO - âœ… Performance tests completed: PASSED
2025-09-01 19:05:32,414 - INFO - ğŸ”’ Running Security Tests
2025-09-01 19:05:32,415 - INFO - âœ… Security tests completed: PASSED
2025-09-01 19:05:32,415 - INFO - ğŸ“‹ Generating Final Report
2025-09-01 19:05:32,415 - INFO - ğŸ“Š Final Results: WARNING
2025-09-01 19:05:32,415 - INFO - âœ… Passed: 4, âš ï¸ Warnings: 3, âŒ Failed: 0
2025-09-01 19:05:32,415 - INFO - â±ï¸ Execution time: 2.24 seconds
2025-09-01 19:05:32,415 - INFO - ğŸš€ Determining Release Readiness
2025-09-01 19:05:32,415 - WARNING - âš ï¸ Code has warnings but may be ready for release
2025-09-01 19:05:32,417 - INFO - ğŸ’¾ Test results saved to: /Users/oskarkaufmann/Library/CloudStorage/OneDrive-PorscheeBikePerformanceGmbH/Dokumente/visual studio projects/workout_generator_en/automated_test_results.json
2025-09-01 19:05:32,417 - INFO - ğŸ‰ Pipeline completed successfully!
2025-09-01 19:09:42,062 - INFO - ğŸš€ Starting Automated Test Pipeline
2025-09-01 19:09:42,063 - INFO - ==================================================
2025-09-01 19:09:42,063 - INFO - ğŸ” Running Pre-flight Checks
2025-09-01 19:09:42,063 - INFO - âœ… Pre-flight checks passed
2025-09-01 19:09:42,063 - INFO - ğŸ“Š Running Comprehensive Code Quality Tests
2025-09-01 19:09:44,300 - INFO - ğŸ¤– Running Additional AI Model Checks
2025-09-01 19:09:44,302 - INFO - ğŸ” Running Static Code Analysis
2025-09-01 19:09:44,303 - INFO - âœ… Code quality tests passed
2025-09-01 19:09:44,303 - INFO - ğŸ§ª Running Comprehensive UI Functionality Tests
2025-09-01 19:09:44,307 - INFO - âœ… UI functionality tests completed: WARNING
2025-09-01 19:09:44,307 - INFO - âš¡ Running Performance Tests
2025-09-01 19:09:44,307 - INFO - âœ… Performance tests completed: PASSED
2025-09-01 19:09:44,307 - INFO - ğŸ”’ Running Security Tests
2025-09-01 19:09:44,307 - INFO - âœ… Security tests completed: PASSED
2025-09-01 19:09:44,308 - INFO - ğŸ“‹ Generating Final Report
2025-09-01 19:09:44,308 - INFO - ğŸ“Š Final Results: WARNING
2025-09-01 19:09:44,308 - INFO - âœ… Passed: 4, âš ï¸ Warnings: 3, âŒ Failed: 0
2025-09-01 19:09:44,308 - INFO - â±ï¸ Execution time: 2.25 seconds
2025-09-01 19:09:44,308 - INFO - ğŸš€ Determining Release Readiness
2025-09-01 19:09:44,308 - WARNING - âš ï¸ Code has warnings but may be ready for release
2025-09-01 19:09:44,309 - INFO - ğŸ’¾ Test results saved to: /Users/oskarkaufmann/Library/CloudStorage/OneDrive-PorscheeBikePerformanceGmbH/Dokumente/visual studio projects/workout_generator_en/automated_test_results.json
2025-09-01 19:09:44,309 - INFO - ğŸ‰ Pipeline completed successfully!
2025-09-01 19:18:47,486 - INFO - ğŸš€ Starting Automated Test Pipeline
2025-09-01 19:18:47,487 - INFO - ==================================================
2025-09-01 19:18:47,487 - INFO - ğŸ” Running Pre-flight Checks
2025-09-01 19:18:47,487 - INFO - âœ… Pre-flight checks passed
2025-09-01 19:18:47,487 - INFO - ğŸ“Š Running Comprehensive Code Quality Tests
2025-09-01 19:18:49,722 - INFO - ğŸ¤– Running Additional AI Model Checks
2025-09-01 19:18:49,725 - INFO - ğŸ” Running Static Code Analysis
2025-09-01 19:18:49,725 - INFO - âœ… Code quality tests passed
2025-09-01 19:18:49,726 - INFO - ğŸ§ª Running Comprehensive UI Functionality Tests
2025-09-01 19:18:49,731 - INFO - âœ… UI functionality tests completed: WARNING
2025-09-01 19:18:49,731 - INFO - âš¡ Running Performance Tests
2025-09-01 19:18:49,731 - INFO - âœ… Performance tests completed: PASSED
2025-09-01 19:18:49,731 - INFO - ğŸ”’ Running Security Tests
2025-09-01 19:18:49,732 - INFO - âœ… Security tests completed: PASSED
2025-09-01 19:18:49,732 - INFO - ğŸ“‹ Generating Final Report
2025-09-01 19:18:49,732 - INFO - ğŸ“Š Final Results: WARNING
2025-09-01 19:18:49,732 - INFO - âœ… Passed: 4, âš ï¸ Warnings: 3, âŒ Failed: 0
2025-09-01 19:18:49,732 - INFO - â±ï¸ Execution time: 2.25 seconds
2025-09-01 19:18:49,732 - INFO - ğŸš€ Determining Release Readiness
2025-09-01 19:18:49,732 - WARNING - âš ï¸ Code has warnings but may be ready for release
2025-09-01 19:18:49,742 - INFO - ğŸ’¾ Test results saved to: /Users/oskarkaufmann/Library/CloudStorage/OneDrive-PorscheeBikePerformanceGmbH/Dokumente/visual studio projects/workout_generator_en/automated_test_results.json
2025-09-01 19:18:49,742 - INFO - ğŸ‰ Pipeline completed successfully!
2025-09-01 19:21:16,545 - INFO - ğŸš€ Starting Automated Test Pipeline
2025-09-01 19:21:16,545 - INFO - ==================================================
2025-09-01 19:21:16,545 - INFO - ğŸ” Running Pre-flight Checks
2025-09-01 19:21:16,545 - INFO - âœ… Pre-flight checks passed
2025-09-01 19:21:16,545 - INFO - ğŸ“Š Running Comprehensive Code Quality Tests
2025-09-01 19:21:18,766 - INFO - ğŸ¤– Running Additional AI Model Checks
2025-09-01 19:21:18,768 - INFO - ğŸ” Running Static Code Analysis
2025-09-01 19:21:18,769 - INFO - âœ… Code quality tests passed
2025-09-01 19:21:18,769 - INFO - ğŸ§ª Running Comprehensive UI Functionality Tests
2025-09-01 19:21:18,774 - INFO - âœ… UI functionality tests completed: WARNING
2025-09-01 19:21:18,774 - INFO - âš¡ Running Performance Tests
2025-09-01 19:21:18,775 - INFO - âœ… Performance tests completed: PASSED
2025-09-01 19:21:18,775 - INFO - ğŸ”’ Running Security Tests
2025-09-01 19:21:18,775 - INFO - âœ… Security tests completed: PASSED
2025-09-01 19:21:18,776 - INFO - ğŸ“‹ Generating Final Report
2025-09-01 19:21:18,776 - INFO - ğŸ“Š Final Results: WARNING
2025-09-01 19:21:18,776 - INFO - âœ… Passed: 4, âš ï¸ Warnings: 3, âŒ Failed: 0
2025-09-01 19:21:18,776 - INFO - â±ï¸ Execution time: 2.23 seconds
2025-09-01 19:21:18,776 - INFO - ğŸš€ Determining Release Readiness
2025-09-01 19:21:18,776 - WARNING - âš ï¸ Code has warnings but may be ready for release
2025-09-01 19:21:18,778 - INFO - ğŸ’¾ Test results saved to: /Users/oskarkaufmann/Library/CloudStorage/OneDrive-PorscheeBikePerformanceGmbH/Dokumente/visual studio projects/workout_generator_en/automated_test_results.json
2025-09-01 19:21:18,778 - INFO - ğŸ‰ Pipeline completed successfully!
2025-09-01 19:22:26,707 - INFO - ğŸš€ Starting Automated Test Pipeline
2025-09-01 19:22:26,707 - INFO - ==================================================
2025-09-01 19:22:26,708 - INFO - ğŸ” Running Pre-flight Checks
2025-09-01 19:22:26,708 - INFO - âœ… Pre-flight checks passed
2025-09-01 19:22:26,708 - INFO - ğŸ“Š Running Comprehensive Code Quality Tests
2025-09-01 19:22:28,948 - INFO - ğŸ¤– Running Additional AI Model Checks
2025-09-01 19:22:28,951 - INFO - ğŸ” Running Static Code Analysis
2025-09-01 19:22:28,952 - INFO - âœ… Code quality tests passed
2025-09-01 19:22:28,952 - INFO - ğŸ§ª Running Comprehensive UI Functionality Tests
2025-09-01 19:22:28,957 - INFO - âœ… UI functionality tests completed: WARNING
2025-09-01 19:22:28,957 - INFO - âš¡ Running Performance Tests
2025-09-01 19:22:28,958 - INFO - âœ… Performance tests completed: PASSED
2025-09-01 19:22:28,958 - INFO - ğŸ”’ Running Security Tests
2025-09-01 19:22:28,958 - INFO - âœ… Security tests completed: PASSED
2025-09-01 19:22:28,958 - INFO - ğŸ“‹ Generating Final Report
2025-09-01 19:22:28,959 - INFO - ğŸ“Š Final Results: WARNING
2025-09-01 19:22:28,959 - INFO - âœ… Passed: 4, âš ï¸ Warnings: 3, âŒ Failed: 0
2025-09-01 19:22:28,959 - INFO - â±ï¸ Execution time: 2.25 seconds
2025-09-01 19:22:28,959 - INFO - ğŸš€ Determining Release Readiness
2025-09-01 19:22:28,959 - WARNING - âš ï¸ Code has warnings but may be ready for release
2025-09-01 19:22:28,961 - INFO - ğŸ’¾ Test results saved to: /Users/oskarkaufmann/Library/CloudStorage/OneDrive-PorscheeBikePerformanceGmbH/Dokumente/visual studio projects/workout_generator_en/automated_test_results.json
2025-09-01 19:22:28,961 - INFO - ğŸ‰ Pipeline completed successfully!
2025-09-01 19:31:38,435 - INFO - ğŸš€ Starting Automated Test Pipeline
2025-09-01 19:31:38,436 - INFO - ==================================================
2025-09-01 19:31:38,436 - INFO - ğŸ” Running Pre-flight Checks
2025-09-01 19:31:38,436 - INFO - âœ… Pre-flight checks passed
2025-09-01 19:31:38,436 - INFO - ğŸ“Š Running Comprehensive Code Quality Tests
2025-09-01 19:31:40,658 - INFO - ğŸ¤– Running Additional AI Model Checks
2025-09-01 19:31:40,661 - INFO - ğŸ” Running Static Code Analysis
2025-09-01 19:31:40,662 - INFO - âœ… Code quality tests passed
2025-09-01 19:31:40,662 - INFO - ğŸ§ª Running Comprehensive UI Functionality Tests
2025-09-01 19:31:40,667 - INFO - âœ… UI functionality tests completed: WARNING
2025-09-01 19:31:40,667 - INFO - âš¡ Running Performance Tests
2025-09-01 19:31:40,667 - INFO - âœ… Performance tests completed: PASSED
2025-09-01 19:31:40,667 - INFO - ğŸ”’ Running Security Tests
2025-09-01 19:31:40,668 - INFO - âœ… Security tests completed: PASSED
2025-09-01 19:31:40,668 - INFO - ğŸ“‹ Generating Final Report
2025-09-01 19:31:40,668 - INFO - ğŸ“Š Final Results: WARNING
2025-09-01 19:31:40,668 - INFO - âœ… Passed: 4, âš ï¸ Warnings: 3, âŒ Failed: 0
2025-09-01 19:31:40,668 - INFO - â±ï¸ Execution time: 2.23 seconds
2025-09-01 19:31:40,668 - INFO - ğŸš€ Determining Release Readiness
2025-09-01 19:31:40,668 - WARNING - âš ï¸ Code has warnings but may be ready for release
2025-09-01 19:31:40,670 - INFO - ğŸ’¾ Test results saved to: /Users/oskarkaufmann/Library/CloudStorage/OneDrive-PorscheeBikePerformanceGmbH/Dokumente/visual studio projects/workout_generator_en/automated_test_results.json
2025-09-01 19:31:40,670 - INFO - ğŸ‰ Pipeline completed successfully!
2025-09-01 19:35:34,400 - INFO - ğŸš€ Starting Automated Test Pipeline
2025-09-01 19:35:34,401 - INFO - ==================================================
2025-09-01 19:35:34,401 - INFO - ğŸ” Running Pre-flight Checks
2025-09-01 19:35:34,401 - INFO - âœ… Pre-flight checks passed
2025-09-01 19:35:34,401 - INFO - ğŸ“Š Running Comprehensive Code Quality Tests
2025-09-01 19:35:36,638 - INFO - ğŸ¤– Running Additional AI Model Checks
2025-09-01 19:35:36,639 - INFO - ğŸ” Running Static Code Analysis
2025-09-01 19:35:36,640 - INFO - âœ… Code quality tests passed
2025-09-01 19:35:36,640 - INFO - ğŸ§ª Running Comprehensive UI Functionality Tests
2025-09-01 19:35:36,642 - INFO - âœ… UI functionality tests completed: WARNING
2025-09-01 19:35:36,642 - INFO - âš¡ Running Performance Tests
2025-09-01 19:35:36,642 - INFO - âœ… Performance tests completed: PASSED
2025-09-01 19:35:36,642 - INFO - ğŸ”’ Running Security Tests
2025-09-01 19:35:36,643 - INFO - âœ… Security tests completed: PASSED
2025-09-01 19:35:36,643 - INFO - ğŸ“‹ Generating Final Report
2025-09-01 19:35:36,643 - INFO - ğŸ“Š Final Results: WARNING
2025-09-01 19:35:36,643 - INFO - âœ… Passed: 4, âš ï¸ Warnings: 3, âŒ Failed: 0
2025-09-01 19:35:36,643 - INFO - â±ï¸ Execution time: 2.24 seconds
2025-09-01 19:35:36,643 - INFO - ğŸš€ Determining Release Readiness
2025-09-01 19:35:36,643 - WARNING - âš ï¸ Code has warnings but may be ready for release
2025-09-01 19:35:36,644 - INFO - ğŸ’¾ Test results saved to: /Users/oskarkaufmann/Library/CloudStorage/OneDrive-PorscheeBikePerformanceGmbH/Dokumente/visual studio projects/workout_generator_en/automated_test_results.json
2025-09-01 19:35:36,644 - INFO - ğŸ‰ Pipeline completed successfully!
2025-09-01 19:36:04,534 - INFO - ğŸš€ Starting Automated Test Pipeline
2025-09-01 19:36:04,534 - INFO - ==================================================
2025-09-01 19:36:04,534 - INFO - ğŸ” Running Pre-flight Checks
2025-09-01 19:36:04,534 - INFO - âœ… Pre-flight checks passed
2025-09-01 19:36:04,534 - INFO - ğŸ“Š Running Comprehensive Code Quality Tests
2025-09-01 19:36:06,753 - INFO - ğŸ¤– Running Additional AI Model Checks
2025-09-01 19:36:06,755 - INFO - ğŸ” Running Static Code Analysis
2025-09-01 19:36:06,756 - INFO - âœ… Code quality tests passed
2025-09-01 19:36:06,756 - INFO - ğŸ§ª Running Comprehensive UI Functionality Tests
2025-09-01 19:36:06,759 - INFO - âœ… UI functionality tests completed: WARNING
2025-09-01 19:36:06,759 - INFO - âš¡ Running Performance Tests
2025-09-01 19:36:06,760 - INFO - âœ… Performance tests completed: PASSED
2025-09-01 19:36:06,760 - INFO - ğŸ”’ Running Security Tests
2025-09-01 19:36:06,760 - INFO - âœ… Security tests completed: PASSED
2025-09-01 19:36:06,760 - INFO - ğŸ“‹ Generating Final Report
2025-09-01 19:36:06,760 - INFO - ğŸ“Š Final Results: WARNING
2025-09-01 19:36:06,760 - INFO - âœ… Passed: 4, âš ï¸ Warnings: 3, âŒ Failed: 0
2025-09-01 19:36:06,760 - INFO - â±ï¸ Execution time: 2.23 seconds
2025-09-01 19:36:06,760 - INFO - ğŸš€ Determining Release Readiness
2025-09-01 19:36:06,760 - WARNING - âš ï¸ Code has warnings but may be ready for release
2025-09-01 19:36:06,761 - INFO - ğŸ’¾ Test results saved to: /Users/oskarkaufmann/Library/CloudStorage/OneDrive-PorscheeBikePerformanceGmbH/Dokumente/visual studio projects/workout_generator_en/automated_test_results.json
2025-09-01 19:36:06,762 - INFO - ğŸ‰ Pipeline completed successfully!
2025-09-02 16:26:46,829 - INFO - ğŸš€ Starting Automated Test Pipeline
2025-09-02 16:26:46,830 - INFO - ==================================================
2025-09-02 16:26:46,830 - INFO - ğŸ” Running Pre-flight Checks
2025-09-02 16:26:46,830 - INFO - âœ… Pre-flight checks passed
2025-09-02 16:26:46,830 - INFO - ğŸ“Š Running Comprehensive Code Quality Tests
2025-09-02 16:26:49,117 - INFO - ğŸ¤– Running Additional AI Model Checks
2025-09-02 16:26:49,120 - INFO - ğŸ” Running Static Code Analysis
2025-09-02 16:26:49,122 - INFO - âœ… Code quality tests passed
2025-09-02 16:26:49,122 - INFO - ğŸ§ª Running Comprehensive UI Functionality Tests
2025-09-02 16:26:49,131 - INFO - âœ… UI functionality tests completed: WARNING
2025-09-02 16:26:49,131 - INFO - âš¡ Running Performance Tests
2025-09-02 16:26:49,132 - INFO - âœ… Performance tests completed: PASSED
2025-09-02 16:26:49,132 - INFO - ğŸ”’ Running Security Tests
2025-09-02 16:26:49,133 - INFO - âœ… Security tests completed: PASSED
2025-09-02 16:26:49,133 - INFO - ğŸ“‹ Generating Final Report
2025-09-02 16:26:49,133 - INFO - ğŸ“Š Final Results: WARNING
2025-09-02 16:26:49,133 - INFO - âœ… Passed: 4, âš ï¸ Warnings: 3, âŒ Failed: 0
2025-09-02 16:26:49,133 - INFO - â±ï¸ Execution time: 2.30 seconds
2025-09-02 16:26:49,133 - INFO - ğŸš€ Determining Release Readiness
2025-09-02 16:26:49,133 - WARNING - âš ï¸ Code has warnings but may be ready for release
2025-09-02 16:26:49,135 - INFO - ğŸ’¾ Test results saved to: /Users/oskarkaufmann/Library/CloudStorage/OneDrive-PorscheeBikePerformanceGmbH/Dokumente/visual studio projects/workout_generator_en/automated_test_results.json
2025-09-02 16:26:49,135 - INFO - ğŸ‰ Pipeline completed successfully!
2025-09-02 16:30:53,272 - INFO - ğŸš€ Starting Automated Test Pipeline
2025-09-02 16:30:53,272 - INFO - ==================================================
2025-09-02 16:30:53,272 - INFO - ğŸ” Running Pre-flight Checks
2025-09-02 16:30:53,273 - INFO - âœ… Pre-flight checks passed
2025-09-02 16:30:53,273 - INFO - ğŸ“Š Running Comprehensive Code Quality Tests
2025-09-02 16:30:55,503 - INFO - ğŸ¤– Running Additional AI Model Checks
2025-09-02 16:30:55,506 - INFO - ğŸ” Running Static Code Analysis
2025-09-02 16:30:55,506 - INFO - âœ… Code quality tests passed
2025-09-02 16:30:55,507 - INFO - ğŸ§ª Running Comprehensive UI Functionality Tests
2025-09-02 16:30:55,514 - INFO - âœ… UI functionality tests completed: FAILED
2025-09-02 16:30:55,514 - INFO - âš¡ Running Performance Tests
2025-09-02 16:30:55,514 - INFO - âœ… Performance tests completed: PASSED
2025-09-02 16:30:55,514 - INFO - ğŸ”’ Running Security Tests
2025-09-02 16:30:55,515 - INFO - âœ… Security tests completed: PASSED
2025-09-02 16:30:55,515 - INFO - ğŸ“‹ Generating Final Report
2025-09-02 16:30:55,515 - INFO - ğŸ“Š Final Results: FAILED
2025-09-02 16:30:55,515 - INFO - âœ… Passed: 6, âš ï¸ Warnings: 0, âŒ Failed: 1
2025-09-02 16:30:55,515 - INFO - â±ï¸ Execution time: 2.24 seconds
2025-09-02 16:30:55,515 - INFO - ğŸš€ Determining Release Readiness
2025-09-02 16:30:55,515 - ERROR - âŒ Code is NOT READY FOR RELEASE
2025-09-02 16:30:55,517 - INFO - ğŸ’¾ Test results saved to: /Users/oskarkaufmann/Library/CloudStorage/OneDrive-PorscheeBikePerformanceGmbH/Dokumente/visual studio projects/workout_generator_en/automated_test_results.json
2025-09-02 16:30:55,517 - INFO - ğŸ‰ Pipeline completed successfully!
2025-09-02 16:32:00,066 - INFO - ğŸš€ Starting Automated Test Pipeline
2025-09-02 16:32:00,066 - INFO - ==================================================
2025-09-02 16:32:00,066 - INFO - ğŸ” Running Pre-flight Checks
2025-09-02 16:32:00,067 - INFO - âœ… Pre-flight checks passed
2025-09-02 16:32:00,067 - INFO - ğŸ“Š Running Comprehensive Code Quality Tests
2025-09-02 16:32:02,294 - INFO - ğŸ¤– Running Additional AI Model Checks
2025-09-02 16:32:02,296 - INFO - ğŸ” Running Static Code Analysis
2025-09-02 16:32:02,297 - INFO - âœ… Code quality tests passed
2025-09-02 16:32:02,297 - INFO - ğŸ§ª Running Comprehensive UI Functionality Tests
2025-09-02 16:32:02,304 - INFO - âœ… UI functionality tests completed: WARNING
2025-09-02 16:32:02,304 - INFO - âš¡ Running Performance Tests
2025-09-02 16:32:02,305 - INFO - âœ… Performance tests completed: PASSED
2025-09-02 16:32:02,305 - INFO - ğŸ”’ Running Security Tests
2025-09-02 16:32:02,306 - INFO - âœ… Security tests completed: PASSED
2025-09-02 16:32:02,306 - INFO - ğŸ“‹ Generating Final Report
2025-09-02 16:32:02,306 - INFO - ğŸ“Š Final Results: WARNING
2025-09-02 16:32:02,306 - INFO - âœ… Passed: 6, âš ï¸ Warnings: 1, âŒ Failed: 0
2025-09-02 16:32:02,306 - INFO - â±ï¸ Execution time: 2.24 seconds
2025-09-02 16:32:02,306 - INFO - ğŸš€ Determining Release Readiness
2025-09-02 16:32:02,306 - WARNING - âš ï¸ Code has warnings but may be ready for release
2025-09-02 16:32:02,308 - INFO - ğŸ’¾ Test results saved to: /Users/oskarkaufmann/Library/CloudStorage/OneDrive-PorscheeBikePerformanceGmbH/Dokumente/visual studio projects/workout_generator_en/automated_test_results.json
2025-09-02 16:32:02,309 - INFO - ğŸ‰ Pipeline completed successfully!
2025-09-02 16:32:30,398 - INFO - ğŸš€ Starting Automated Test Pipeline
2025-09-02 16:32:30,399 - INFO - ==================================================
2025-09-02 16:32:30,399 - INFO - ğŸ” Running Pre-flight Checks
2025-09-02 16:32:30,399 - INFO - âœ… Pre-flight checks passed
2025-09-02 16:32:30,399 - INFO - ğŸ“Š Running Comprehensive Code Quality Tests
2025-09-02 16:32:32,631 - INFO - ğŸ¤– Running Additional AI Model Checks
2025-09-02 16:32:32,633 - INFO - ğŸ” Running Static Code Analysis
2025-09-02 16:32:32,634 - INFO - âœ… Code quality tests passed
2025-09-02 16:32:32,634 - INFO - ğŸ§ª Running Comprehensive UI Functionality Tests
2025-09-02 16:32:32,642 - INFO - âœ… UI functionality tests completed: PASSED
2025-09-02 16:32:32,642 - INFO - âš¡ Running Performance Tests
2025-09-02 16:32:32,642 - INFO - âœ… Performance tests completed: PASSED
2025-09-02 16:32:32,642 - INFO - ğŸ”’ Running Security Tests
2025-09-02 16:32:32,643 - INFO - âœ… Security tests completed: PASSED
2025-09-02 16:32:32,643 - INFO - ğŸ“‹ Generating Final Report
2025-09-02 16:32:32,643 - INFO - ğŸ“Š Final Results: PASSED
2025-09-02 16:32:32,643 - INFO - âœ… Passed: 7, âš ï¸ Warnings: 0, âŒ Failed: 0
2025-09-02 16:32:32,644 - INFO - â±ï¸ Execution time: 2.25 seconds
2025-09-02 16:32:32,644 - INFO - ğŸš€ Determining Release Readiness
2025-09-02 16:32:32,644 - INFO - ğŸ‰ Code is READY FOR RELEASE!
2025-09-02 16:32:32,645 - INFO - ğŸ’¾ Test results saved to: /Users/oskarkaufmann/Library/CloudStorage/OneDrive-PorscheeBikePerformanceGmbH/Dokumente/visual studio projects/workout_generator_en/automated_test_results.json
2025-09-02 16:32:32,646 - INFO - ğŸ‰ Pipeline completed successfully!
2025-09-02 16:44:03,567 - INFO - ğŸš€ Starting Automated Test Pipeline
2025-09-02 16:44:03,568 - INFO - ==================================================
2025-09-02 16:44:03,568 - INFO - ğŸ” Running Pre-flight Checks
2025-09-02 16:44:03,568 - INFO - âœ… Pre-flight checks passed
2025-09-02 16:44:03,568 - INFO - ğŸ“Š Running Comprehensive Code Quality Tests
2025-09-02 16:44:05,797 - INFO - ğŸ¤– Running Additional AI Model Checks
2025-09-02 16:44:05,800 - INFO - ğŸ” Running Static Code Analysis
2025-09-02 16:44:05,800 - INFO - âœ… Code quality tests passed
2025-09-02 16:44:05,800 - INFO - ğŸ§ª Running Comprehensive UI Functionality Tests
2025-09-02 16:44:05,808 - INFO - âœ… UI functionality tests completed: WARNING
2025-09-02 16:44:05,808 - INFO - âš¡ Running Performance Tests
2025-09-02 16:44:05,808 - INFO - âœ… Performance tests completed: PASSED
2025-09-02 16:44:05,808 - INFO - ğŸ”’ Running Security Tests
2025-09-02 16:44:05,809 - INFO - âœ… Security tests completed: PASSED
2025-09-02 16:44:05,809 - INFO - ğŸ“‹ Generating Final Report
2025-09-02 16:44:05,809 - INFO - ğŸ“Š Final Results: WARNING
2025-09-02 16:44:05,809 - INFO - âœ… Passed: 6, âš ï¸ Warnings: 1, âŒ Failed: 0
2025-09-02 16:44:05,809 - INFO - â±ï¸ Execution time: 2.24 seconds
2025-09-02 16:44:05,809 - INFO - ğŸš€ Determining Release Readiness
2025-09-02 16:44:05,809 - WARNING - âš ï¸ Code has warnings but may be ready for release
2025-09-02 16:44:05,817 - INFO - ğŸ’¾ Test results saved to: /Users/oskarkaufmann/Library/CloudStorage/OneDrive-PorscheeBikePerformanceGmbH/Dokumente/visual studio projects/workout_generator_en/automated_test_results.json
2025-09-02 16:44:05,817 - INFO - ğŸ‰ Pipeline completed successfully!
2025-09-02 16:44:49,537 - INFO - ğŸš€ Starting Automated Test Pipeline
2025-09-02 16:44:49,537 - INFO - ==================================================
2025-09-02 16:44:49,537 - INFO - ğŸ” Running Pre-flight Checks
2025-09-02 16:44:49,537 - INFO - âœ… Pre-flight checks passed
2025-09-02 16:44:49,537 - INFO - ğŸ“Š Running Comprehensive Code Quality Tests
2025-09-02 16:44:51,762 - INFO - ğŸ¤– Running Additional AI Model Checks
2025-09-02 16:44:51,764 - INFO - ğŸ” Running Static Code Analysis
2025-09-02 16:44:51,764 - INFO - âœ… Code quality tests passed
2025-09-02 16:44:51,764 - INFO - ğŸ§ª Running Comprehensive UI Functionality Tests
2025-09-02 16:44:51,770 - INFO - âœ… UI functionality tests completed: PASSED
2025-09-02 16:44:51,770 - INFO - âš¡ Running Performance Tests
2025-09-02 16:44:51,770 - INFO - âœ… Performance tests completed: PASSED
2025-09-02 16:44:51,770 - INFO - ğŸ”’ Running Security Tests
2025-09-02 16:44:51,771 - INFO - âœ… Security tests completed: PASSED
2025-09-02 16:44:51,771 - INFO - ğŸ“‹ Generating Final Report
2025-09-02 16:44:51,771 - INFO - ğŸ“Š Final Results: PASSED
2025-09-02 16:44:51,771 - INFO - âœ… Passed: 7, âš ï¸ Warnings: 0, âŒ Failed: 0
2025-09-02 16:44:51,771 - INFO - â±ï¸ Execution time: 2.23 seconds
2025-09-02 16:44:51,771 - INFO - ğŸš€ Determining Release Readiness
2025-09-02 16:44:51,771 - INFO - ğŸ‰ Code is READY FOR RELEASE!
2025-09-02 16:44:51,772 - INFO - ğŸ’¾ Test results saved to: /Users/oskarkaufmann/Library/CloudStorage/OneDrive-PorscheeBikePerformanceGmbH/Dokumente/visual studio projects/workout_generator_en/automated_test_results.json
2025-09-02 16:44:51,772 - INFO - ğŸ‰ Pipeline completed successfully!
2025-09-02 16:46:39,330 - INFO - ğŸš€ Starting Automated Test Pipeline
2025-09-02 16:46:39,330 - INFO - ==================================================
2025-09-02 16:46:39,330 - INFO - ğŸ” Running Pre-flight Checks
2025-09-02 16:46:39,330 - INFO - âœ… Pre-flight checks passed
2025-09-02 16:46:39,330 - INFO - ğŸ“Š Running Comprehensive Code Quality Tests
2025-09-02 16:46:41,555 - INFO - ğŸ¤– Running Additional AI Model Checks
2025-09-02 16:46:41,558 - INFO - ğŸ” Running Static Code Analysis
2025-09-02 16:46:41,558 - INFO - âœ… Code quality tests passed
2025-09-02 16:46:41,558 - INFO - ğŸ§ª Running Comprehensive UI Functionality Tests
2025-09-02 16:46:41,565 - INFO - âœ… UI functionality tests completed: PASSED
2025-09-02 16:46:41,565 - INFO - âš¡ Running Performance Tests
2025-09-02 16:46:41,565 - INFO - âœ… Performance tests completed: PASSED
2025-09-02 16:46:41,565 - INFO - ğŸ”’ Running Security Tests
2025-09-02 16:46:41,566 - INFO - âœ… Security tests completed: PASSED
2025-09-02 16:46:41,566 - INFO - ğŸ“‹ Generating Final Report
2025-09-02 16:46:41,566 - INFO - ğŸ“Š Final Results: PASSED
2025-09-02 16:46:41,566 - INFO - âœ… Passed: 7, âš ï¸ Warnings: 0, âŒ Failed: 0
2025-09-02 16:46:41,566 - INFO - â±ï¸ Execution time: 2.24 seconds
2025-09-02 16:46:41,566 - INFO - ğŸš€ Determining Release Readiness
2025-09-02 16:46:41,567 - INFO - ğŸ‰ Code is READY FOR RELEASE!
2025-09-02 16:46:41,586 - INFO - ğŸ’¾ Test results saved to: /Users/oskarkaufmann/Library/CloudStorage/OneDrive-PorscheeBikePerformanceGmbH/Dokumente/visual studio projects/workout_generator_en/automated_test_results.json
2025-09-02 16:46:41,587 - INFO - ğŸ‰ Pipeline completed successfully!
2025-09-02 17:28:49,033 - INFO - ğŸš€ Starting Automated Test Pipeline
2025-09-02 17:28:49,034 - INFO - ==================================================
2025-09-02 17:28:49,034 - INFO - ğŸ” Running Pre-flight Checks
2025-09-02 17:28:49,034 - INFO - âœ… Pre-flight checks passed
2025-09-02 17:28:49,035 - INFO - ğŸ“Š Running Comprehensive Code Quality Tests
2025-09-02 17:28:51,320 - INFO - ğŸ¤– Running Additional AI Model Checks
2025-09-02 17:28:51,324 - INFO - ğŸ” Running Static Code Analysis
2025-09-02 17:28:51,325 - INFO - âœ… Code quality tests passed
2025-09-02 17:28:51,325 - INFO - ğŸ§ª Running Comprehensive UI Functionality Tests
2025-09-02 17:28:51,380 - INFO - âœ… UI functionality tests completed: PASSED
2025-09-02 17:28:51,380 - INFO - âš¡ Running Performance Tests
2025-09-02 17:28:51,380 - INFO - âœ… Performance tests completed: WARNING
2025-09-02 17:28:51,380 - INFO - ğŸ”’ Running Security Tests
2025-09-02 17:28:51,381 - INFO - âœ… Security tests completed: PASSED
2025-09-02 17:28:51,381 - INFO - ğŸ“‹ Generating Final Report
2025-09-02 17:28:51,381 - INFO - ğŸ“Š Final Results: WARNING
2025-09-02 17:28:51,381 - INFO - âœ… Passed: 5, âš ï¸ Warnings: 2, âŒ Failed: 0
2025-09-02 17:28:51,381 - INFO - â±ï¸ Execution time: 2.35 seconds
2025-09-02 17:28:51,381 - INFO - ğŸš€ Determining Release Readiness
2025-09-02 17:28:51,381 - WARNING - âš ï¸ Code has warnings but may be ready for release
2025-09-02 17:28:51,391 - INFO - ğŸ’¾ Test results saved to: /Users/oskarkaufmann/Library/CloudStorage/OneDrive-PorscheeBikePerformanceGmbH/Dokumente/visual studio projects/workout_generator_en/automated_test_results.json
2025-09-02 17:28:51,391 - INFO - ğŸ‰ Pipeline completed successfully!
2025-09-02 17:32:39,527 - INFO - ğŸš€ Starting Automated Test Pipeline
2025-09-02 17:32:39,528 - INFO - ==================================================
2025-09-02 17:32:39,528 - INFO - ğŸ” Running Pre-flight Checks
2025-09-02 17:32:39,528 - INFO - âœ… Pre-flight checks passed
2025-09-02 17:32:39,528 - INFO - ğŸ”„ Auto-updating Pipeline Configuration
2025-09-02 17:32:39,529 - INFO - ğŸ¯ Detected 13 active features: timers, audio_vibration, rest_overlay, navigation, section_badges, speech, exercise_swapping, form_interactions, responsive_design, accessibility, error_handling, performance, timing
2025-09-02 17:32:39,529 - INFO - ğŸš€ High-complexity features detected - adjusting pipeline thresholds
2025-09-02 17:32:39,529 - INFO - âœ… Pipeline configuration updated successfully
2025-09-02 17:32:39,530 - INFO - ğŸ’¾ Pipeline configuration saved to: /Users/oskarkaufmann/Library/CloudStorage/OneDrive-PorscheeBikePerformanceGmbH/Dokumente/visual studio projects/workout_generator_en/pipeline_config.json
2025-09-02 17:32:39,530 - INFO - ğŸ“Š Running Comprehensive Code Quality Tests
2025-09-02 17:32:41,757 - INFO - ğŸ¤– Running Additional AI Model Checks
2025-09-02 17:32:41,761 - INFO - ğŸ” Running Static Code Analysis
2025-09-02 17:32:41,762 - INFO - âœ… Code quality tests passed
2025-09-02 17:32:41,762 - INFO - ğŸ§ª Running Comprehensive UI Functionality Tests
2025-09-02 17:32:41,762 - INFO - ğŸ” Running Dynamic Feature Detection
2025-09-02 17:32:41,763 - INFO - â±ï¸ Detected timer functionality
2025-09-02 17:32:41,765 - INFO - ğŸ”Š Detected audio/vibration features
2025-09-02 17:32:41,766 - INFO - ğŸ˜´ Detected rest overlay
2025-09-02 17:32:41,766 - INFO - âŒ¨ï¸ Detected navigation features
2025-09-02 17:32:41,768 - INFO - ğŸ·ï¸ Detected section badges
2025-09-02 17:32:41,768 - INFO - ğŸ—£ï¸ Detected speech functionality
2025-09-02 17:32:41,769 - INFO - ğŸ”„ Detected exercise swapping
2025-09-02 17:32:41,770 - INFO - ğŸ‹ï¸ Running equipment validation
2025-09-02 17:32:41,807 - INFO - ğŸ“ Detected form interactions
2025-09-02 17:32:41,808 - INFO - ğŸ“± Detected responsive design
2025-09-02 17:32:41,808 - INFO - â™¿ Detected accessibility features
2025-09-02 17:32:41,808 - INFO - âš ï¸ Detected error handling
2025-09-02 17:32:41,810 - INFO - âš¡ Detected performance features
2025-09-02 17:32:41,810 - INFO - â° Detected timing functionality
2025-09-02 17:32:41,811 - INFO - ğŸ¯ Dynamic detection found 14 feature tests to run
2025-09-02 17:32:41,812 - INFO - âœ… UI functionality tests completed: PASSED
2025-09-02 17:32:41,812 - INFO -    - Core tests: 4
2025-09-02 17:32:41,812 - INFO -    - Dynamic tests: 14
2025-09-02 17:32:41,812 - INFO - âš¡ Running Performance Tests
2025-09-02 17:32:41,812 - INFO - âœ… Performance tests completed: WARNING
2025-09-02 17:32:41,812 - INFO - ğŸ”’ Running Security Tests
2025-09-02 17:32:41,814 - INFO - âœ… Security tests completed: PASSED
2025-09-02 17:32:41,814 - INFO - ğŸ“‹ Generating Final Report
2025-09-02 17:32:41,814 - INFO - ğŸ“Š Final Results: WARNING
2025-09-02 17:32:41,814 - INFO - âœ… Passed: 5, âš ï¸ Warnings: 2, âŒ Failed: 0
2025-09-02 17:32:41,814 - INFO - â±ï¸ Execution time: 2.29 seconds
2025-09-02 17:32:41,814 - INFO - ğŸš€ Determining Release Readiness
2025-09-02 17:32:41,814 - WARNING - âš ï¸ Code has warnings but may be ready for release
2025-09-02 17:32:41,816 - INFO - ğŸ’¾ Test results saved to: /Users/oskarkaufmann/Library/CloudStorage/OneDrive-PorscheeBikePerformanceGmbH/Dokumente/visual studio projects/workout_generator_en/automated_test_results.json
2025-09-02 17:32:41,816 - INFO - ğŸ‰ Pipeline completed successfully!
2025-09-02 17:34:50,964 - INFO - ğŸš€ Starting Automated Test Pipeline
2025-09-02 17:34:50,964 - INFO - ==================================================
2025-09-02 17:34:50,964 - INFO - ğŸ” Running Pre-flight Checks
2025-09-02 17:34:50,964 - INFO - âœ… Pre-flight checks passed
2025-09-02 17:34:50,964 - INFO - ğŸ”„ Auto-updating Pipeline Configuration
2025-09-02 17:34:50,966 - INFO - ğŸ¯ Detected 13 active features: timers, audio_vibration, rest_overlay, navigation, section_badges, speech, exercise_swapping, form_interactions, responsive_design, accessibility, error_handling, performance, timing
2025-09-02 17:34:50,966 - INFO - ğŸš€ High-complexity features detected - adjusting pipeline thresholds
2025-09-02 17:34:50,966 - INFO - âœ… Pipeline configuration updated successfully
2025-09-02 17:34:50,967 - INFO - ğŸ’¾ Pipeline configuration saved to: /Users/oskarkaufmann/Library/CloudStorage/OneDrive-PorscheeBikePerformanceGmbH/Dokumente/visual studio projects/workout_generator_en/pipeline_config.json
2025-09-02 17:34:50,967 - INFO - ğŸ“Š Running Comprehensive Code Quality Tests
2025-09-02 17:34:53,189 - INFO - ğŸ¤– Running Additional AI Model Checks
2025-09-02 17:34:53,193 - INFO - ğŸ” Running Static Code Analysis
2025-09-02 17:34:53,194 - INFO - âœ… Code quality tests passed
2025-09-02 17:34:53,195 - INFO - ğŸ§ª Running Comprehensive UI Functionality Tests
2025-09-02 17:34:53,195 - INFO - ğŸ” Running Dynamic Feature Detection
2025-09-02 17:34:53,197 - INFO - â±ï¸ Detected timer functionality
2025-09-02 17:34:53,198 - INFO - ğŸ”Š Detected audio/vibration features
2025-09-02 17:34:53,199 - INFO - ğŸ˜´ Detected rest overlay
2025-09-02 17:34:53,199 - INFO - âŒ¨ï¸ Detected navigation features
2025-09-02 17:34:53,200 - INFO - ğŸ·ï¸ Detected section badges
2025-09-02 17:34:53,201 - INFO - ğŸ—£ï¸ Detected speech functionality
2025-09-02 17:34:53,201 - INFO - ğŸ”„ Detected exercise swapping
2025-09-02 17:34:53,202 - INFO - ğŸ‹ï¸ Running equipment validation
2025-09-02 17:34:53,243 - INFO - ğŸ“ Detected form interactions
2025-09-02 17:34:53,244 - INFO - ğŸ“± Detected responsive design
2025-09-02 17:34:53,244 - INFO - â™¿ Detected accessibility features
2025-09-02 17:34:53,244 - INFO - âš ï¸ Detected error handling
2025-09-02 17:34:53,246 - INFO - âš¡ Detected performance features
2025-09-02 17:34:53,247 - INFO - â° Detected timing functionality
2025-09-02 17:34:53,247 - INFO - ğŸ¯ Dynamic detection found 14 feature tests to run
2025-09-02 17:34:53,249 - INFO - âœ… UI functionality tests completed: PASSED
2025-09-02 17:34:53,249 - INFO -    - Core tests: 4
2025-09-02 17:34:53,249 - INFO -    - Dynamic tests: 14
2025-09-02 17:34:53,249 - INFO - âš¡ Running Performance Tests
2025-09-02 17:34:53,249 - INFO - âœ… Performance tests completed: WARNING
2025-09-02 17:34:53,249 - INFO - ğŸ”’ Running Security Tests
2025-09-02 17:34:53,250 - INFO - âœ… Security tests completed: PASSED
2025-09-02 17:34:53,250 - INFO - ğŸ“‹ Generating Final Report
2025-09-02 17:34:53,250 - INFO - ğŸ“Š Final Results: WARNING
2025-09-02 17:34:53,250 - INFO - âœ… Passed: 5, âš ï¸ Warnings: 2, âŒ Failed: 0
2025-09-02 17:34:53,250 - INFO - â±ï¸ Execution time: 2.29 seconds
2025-09-02 17:34:53,250 - INFO - ğŸš€ Determining Release Readiness
2025-09-02 17:34:53,250 - WARNING - âš ï¸ Code has warnings but may be ready for release
2025-09-02 17:34:53,251 - INFO - ğŸ’¾ Test results saved to: /Users/oskarkaufmann/Library/CloudStorage/OneDrive-PorscheeBikePerformanceGmbH/Dokumente/visual studio projects/workout_generator_en/automated_test_results.json
2025-09-02 17:34:53,251 - INFO - ğŸ‰ Pipeline completed successfully!
2025-09-02 17:44:44,999 - INFO - ğŸš€ Starting Automated Test Pipeline
2025-09-02 17:44:45,001 - INFO - ==================================================
2025-09-02 17:44:45,001 - INFO - ğŸ” Running Pre-flight Checks
2025-09-02 17:44:45,001 - INFO - âœ… Pre-flight checks passed
2025-09-02 17:44:45,001 - INFO - ğŸ”„ Auto-updating Pipeline Configuration
2025-09-02 17:44:45,003 - INFO - ğŸ¯ Detected 13 active features: workout_flow, timers, audio_vibration, rest_overlay, navigation, section_badges, speech, exercise_swapping, form_interactions, responsive_design, error_handling, performance, timing
2025-09-02 17:44:45,003 - INFO - ğŸš€ High-complexity features detected - adjusting pipeline thresholds
2025-09-02 17:44:45,003 - INFO - âœ… Pipeline configuration updated successfully
2025-09-02 17:44:45,003 - INFO - ğŸ’¾ Pipeline configuration saved to: /Users/oskarkaufmann/Library/CloudStorage/OneDrive-PorscheeBikePerformanceGmbH/Dokumente/visual studio projects/workout_generator_en/pipeline_config.json
2025-09-02 17:44:45,004 - INFO - ğŸ“Š Running Comprehensive Code Quality Tests
2025-09-02 17:44:47,235 - INFO - ğŸ¤– Running Additional AI Model Checks
2025-09-02 17:44:47,239 - INFO - ğŸ” Running Static Code Analysis
2025-09-02 17:44:47,240 - INFO - âœ… Code quality tests passed
2025-09-02 17:44:47,240 - INFO - ğŸ§ª Running Comprehensive UI Functionality Tests
2025-09-02 17:44:47,240 - INFO - ğŸ” Running Dynamic Feature Detection
2025-09-02 17:44:47,241 - INFO - ğŸ“± Detected multi-step workout flow
2025-09-02 17:44:47,242 - INFO - â±ï¸ Detected timer functionality
2025-09-02 17:44:47,243 - INFO - ğŸ”Š Detected audio/vibration features
2025-09-02 17:44:47,244 - INFO - ğŸ˜´ Detected rest overlay
2025-09-02 17:44:47,245 - INFO - âŒ¨ï¸ Detected navigation features
2025-09-02 17:44:47,246 - INFO - ğŸ·ï¸ Detected section badges
2025-09-02 17:44:47,247 - INFO - ğŸ—£ï¸ Detected speech functionality
2025-09-02 17:44:47,248 - INFO - ğŸ”„ Detected exercise swapping
2025-09-02 17:44:47,249 - INFO - ğŸ‹ï¸ Running equipment validation
2025-09-02 17:44:47,289 - INFO - ğŸ“ Detected form interactions
2025-09-02 17:44:47,290 - INFO - ğŸ“± Detected responsive design
2025-09-02 17:44:47,290 - INFO - âš ï¸ Detected error handling
2025-09-02 17:44:47,292 - INFO - âš¡ Detected performance features
2025-09-02 17:44:47,292 - INFO - â° Detected timing functionality
2025-09-02 17:44:47,293 - INFO - ğŸ¯ Dynamic detection found 14 feature tests to run
2025-09-02 17:44:47,294 - INFO - âœ… UI functionality tests completed: WARNING
2025-09-02 17:44:47,294 - INFO -    - Core tests: 4
2025-09-02 17:44:47,294 - INFO -    - Dynamic tests: 14
2025-09-02 17:44:47,294 - INFO - âš¡ Running Performance Tests
2025-09-02 17:44:47,295 - INFO - âœ… Performance tests completed: WARNING
2025-09-02 17:44:47,295 - INFO - ğŸ”’ Running Security Tests
2025-09-02 17:44:47,296 - INFO - âœ… Security tests completed: PASSED
2025-09-02 17:44:47,296 - INFO - ğŸ“‹ Generating Final Report
2025-09-02 17:44:47,296 - INFO - ğŸ“Š Final Results: WARNING
2025-09-02 17:44:47,296 - INFO - âœ… Passed: 4, âš ï¸ Warnings: 3, âŒ Failed: 0
2025-09-02 17:44:47,296 - INFO - â±ï¸ Execution time: 2.30 seconds
2025-09-02 17:44:47,296 - INFO - ğŸš€ Determining Release Readiness
2025-09-02 17:44:47,296 - WARNING - âš ï¸ Code has warnings but may be ready for release
2025-09-02 17:44:47,298 - INFO - ğŸ’¾ Test results saved to: /Users/oskarkaufmann/Library/CloudStorage/OneDrive-PorscheeBikePerformanceGmbH/Dokumente/visual studio projects/workout_generator_en/automated_test_results.json
2025-09-02 17:44:47,298 - INFO - ğŸ‰ Pipeline completed successfully!
2025-09-02 17:44:55,708 - INFO - ğŸš€ Starting Automated Test Pipeline
2025-09-02 17:44:55,708 - INFO - ==================================================
2025-09-02 17:44:55,708 - INFO - ğŸ” Running Pre-flight Checks
2025-09-02 17:44:55,709 - INFO - âœ… Pre-flight checks passed
2025-09-02 17:44:55,709 - INFO - ğŸ”„ Auto-updating Pipeline Configuration
2025-09-02 17:44:55,710 - INFO - ğŸ¯ Detected 13 active features: workout_flow, timers, audio_vibration, rest_overlay, navigation, section_badges, speech, exercise_swapping, form_interactions, responsive_design, error_handling, performance, timing
2025-09-02 17:44:55,710 - INFO - ğŸš€ High-complexity features detected - adjusting pipeline thresholds
2025-09-02 17:44:55,710 - INFO - âœ… Pipeline configuration updated successfully
2025-09-02 17:44:55,711 - INFO - ğŸ’¾ Pipeline configuration saved to: /Users/oskarkaufmann/Library/CloudStorage/OneDrive-PorscheeBikePerformanceGmbH/Dokumente/visual studio projects/workout_generator_en/pipeline_config.json
2025-09-02 17:44:55,711 - INFO - ğŸ“Š Running Comprehensive Code Quality Tests
2025-09-02 17:44:57,939 - INFO - ğŸ¤– Running Additional AI Model Checks
2025-09-02 17:44:57,942 - INFO - ğŸ” Running Static Code Analysis
2025-09-02 17:44:57,943 - INFO - âœ… Code quality tests passed
2025-09-02 17:44:57,943 - INFO - ğŸ§ª Running Comprehensive UI Functionality Tests
2025-09-02 17:44:57,943 - INFO - ğŸ” Running Dynamic Feature Detection
2025-09-02 17:44:57,944 - INFO - ğŸ“± Detected multi-step workout flow
2025-09-02 17:44:57,945 - INFO - â±ï¸ Detected timer functionality
2025-09-02 17:44:57,946 - INFO - ğŸ”Š Detected audio/vibration features
2025-09-02 17:44:57,947 - INFO - ğŸ˜´ Detected rest overlay
2025-09-02 17:44:57,947 - INFO - âŒ¨ï¸ Detected navigation features
2025-09-02 17:44:57,948 - INFO - ğŸ·ï¸ Detected section badges
2025-09-02 17:44:57,948 - INFO - ğŸ—£ï¸ Detected speech functionality
2025-09-02 17:44:57,949 - INFO - ğŸ”„ Detected exercise swapping
2025-09-02 17:44:57,949 - INFO - ğŸ‹ï¸ Running equipment validation
2025-09-02 17:44:57,982 - INFO - ğŸ“ Detected form interactions
2025-09-02 17:44:57,983 - INFO - ğŸ“± Detected responsive design
2025-09-02 17:44:57,983 - INFO - âš ï¸ Detected error handling
2025-09-02 17:44:57,985 - INFO - âš¡ Detected performance features
2025-09-02 17:44:57,985 - INFO - â° Detected timing functionality
2025-09-02 17:44:57,986 - INFO - ğŸ¯ Dynamic detection found 14 feature tests to run
2025-09-02 17:44:57,987 - INFO - âœ… UI functionality tests completed: WARNING
2025-09-02 17:44:57,987 - INFO -    - Core tests: 4
2025-09-02 17:44:57,987 - INFO -    - Dynamic tests: 14
2025-09-02 17:44:57,987 - INFO - âš¡ Running Performance Tests
2025-09-02 17:44:57,988 - INFO - âœ… Performance tests completed: WARNING
2025-09-02 17:44:57,988 - INFO - ğŸ”’ Running Security Tests
2025-09-02 17:44:57,990 - INFO - âœ… Security tests completed: PASSED
2025-09-02 17:44:57,991 - INFO - ğŸ“‹ Generating Final Report
2025-09-02 17:44:57,991 - INFO - ğŸ“Š Final Results: WARNING
2025-09-02 17:44:57,991 - INFO - âœ… Passed: 4, âš ï¸ Warnings: 3, âŒ Failed: 0
2025-09-02 17:44:57,991 - INFO - â±ï¸ Execution time: 2.28 seconds
2025-09-02 17:44:57,991 - INFO - ğŸš€ Determining Release Readiness
2025-09-02 17:44:57,991 - WARNING - âš ï¸ Code has warnings but may be ready for release
2025-09-02 17:44:57,992 - INFO - ğŸ’¾ Test results saved to: /Users/oskarkaufmann/Library/CloudStorage/OneDrive-PorscheeBikePerformanceGmbH/Dokumente/visual studio projects/workout_generator_en/automated_test_results.json
2025-09-02 17:44:57,992 - INFO - ğŸ‰ Pipeline completed successfully!
